usage: jupyter [-h] [--version] [--config-dir] [--data-dir] [--runtime-dir]
               [--paths] [--json] [--debug]
               [subcommand]

Jupyter: Interactive Computing

positional arguments:
  subcommand     the subcommand to launch

options:
  -h, --help     show this help message and exit
  --version      show the versions of core jupyter packages and exit
  --config-dir   show Jupyter config dir
  --data-dir     show Jupyter data dir
  --runtime-dir  show Jupyter runtime dir
  --paths        show all Jupyter paths. Add --json for machine-readable
                 format.
  --json         output paths as machine-readable json
  --debug        output debug information about paths

Available subcommands: bundlerextension console dejavu events execute fileid
kernel kernelspec lab labextension labhub migrate nbclassic nbconvert
nbextension notebook qtconsole run server serverextension troubleshoot trust

Jupyter command `jupyter-notebok` not found.
[W 19:41:24.577 NotebookApp] Loading JupyterLab as a classic notebook (v6) extension.
[C 19:41:24.577 NotebookApp] You must use Jupyter Server v1 to load JupyterLab as notebook extension. You have v2.5.0 installed.
    You can fix this by executing:
        pip install -U "jupyter-server<2.0.0"
[I 19:41:24.579 NotebookApp] Serving notebooks from local directory: /Users/michaelcruz/git/azure
[I 19:41:24.579 NotebookApp] Jupyter Notebook 6.5.3 is running at:
[I 19:41:24.579 NotebookApp] http://localhost:8888/?token=da019babf7eef19716451a64119fcc73a0c13c593eca0b9a
[I 19:41:24.579 NotebookApp]  or http://127.0.0.1:8888/?token=da019babf7eef19716451a64119fcc73a0c13c593eca0b9a
[I 19:41:24.579 NotebookApp] Use Control-C to stop this server and shut down all kernels (twice to skip confirmation).
[C 19:41:24.582 NotebookApp] 
    
    To access the notebook, open this file in a browser:
        file:///Users/michaelcruz/Library/Jupyter/runtime/nbserver-49913-open.html
    Or copy and paste one of these URLs:
        http://localhost:8888/?token=da019babf7eef19716451a64119fcc73a0c13c593eca0b9a
     or http://127.0.0.1:8888/?token=da019babf7eef19716451a64119fcc73a0c13c593eca0b9a
0.00s - Debugger warning: It seems that frozen modules are being used, which may
0.00s - make the debugger miss breakpoints. Please pass -Xfrozen_modules=off
0.00s - to python to disable frozen modules.
0.00s - Note: Debugging will proceed. Set PYDEVD_DISABLE_FILE_VALIDATION=1 to disable this validation.
[I 19:41:34.034 NotebookApp] 302 GET / (::1) 0.460000ms
[I 19:42:32.953 NotebookApp] Shutting down on /api/shutdown request.
[I 19:42:32.956 NotebookApp] Shutting down 0 kernels
[I 19:42:32.958 NotebookApp] Shutting down 0 terminals

  _   _          _      _
 | | | |_ __  __| |__ _| |_ ___
 | |_| | '_ \/ _` / _` |  _/ -_)
  \___/| .__/\__,_\__,_|\__\___|
       |_|
                       
Read the migration plan to Notebook 7 to learn about the new features and the actions to take if you are using extensions.

https://jupyter-notebook.readthedocs.io/en/latest/migrate_to_notebook7.html

Please note that updating to Notebook 7 might break some of your extensions.

